article fetch exited at Thu Mar 26 14:29:43 PDT 2015
Fri Mar 27 13:06:22 PDT 2015 - show_me_the_money.sh executed
Fri Mar 27 13:06:22 PDT 2015 - stock program is running - 
Fri Mar 27 13:14:46 PDT 2015 - show_me_the_money.sh executed
Fri Mar 27 13:14:46 PDT 2015 - stock program is running - 
Fri Mar 27 13:14:56 PDT 2015 - show_me_the_money.sh executed
Fri Mar 27 13:14:56 PDT 2015 - stock program is running - 
Fri Mar 27 13:15:06 PDT 2015 - show_me_the_money.sh executed
Fri Mar 27 13:15:06 PDT 2015 - stock program is running - 
Fri Mar 27 13:15:16 PDT 2015 - show_me_the_money.sh executed
Fri Mar 27 13:15:16 PDT 2015 - stock program is running - 
Fri Mar 27 13:27:16 PDT 2015 - show_me_the_money.sh executed
article finder exited at Fri Mar 27 13:27:16 PDT 2015
article fetch exited at Fri Mar 27 13:49:05 PDT 2015
Fri Mar 27 13:49:19 PDT 2015 - show_me_the_money.sh executed
Fri Mar 27 13:49:19 PDT 2015 - stock program is running - 
Fri Mar 27 13:49:29 PDT 2015 - show_me_the_money.sh executed
Fri Mar 27 13:49:29 PDT 2015 - stock program is running - 
Fri Mar 27 13:49:39 PDT 2015 - show_me_the_money.sh executed
Fri Mar 27 13:49:39 PDT 2015 - stock program is running - 
Fri Mar 27 13:49:49 PDT 2015 - show_me_the_money.sh executed
Fri Mar 27 13:49:49 PDT 2015 - stock program is running - 
Fri Mar 27 13:49:59 PDT 2015 - show_me_the_money.sh executed
Fri Mar 27 13:49:59 PDT 2015 - stock program is running - 
Fri Mar 27 13:50:09 PDT 2015 - show_me_the_money.sh executed
Fri Mar 27 13:50:09 PDT 2015 - stock program is running - 
Fri Mar 27 13:50:19 PDT 2015 - show_me_the_money.sh executed
Fri Mar 27 13:50:19 PDT 2015 - stock program is running - 
Fri Mar 27 13:51:31 PDT 2015 - show_me_the_money.sh executed
article finder executed at Fri Mar 27 13:51:31 PDT 2015
Fri Mar 27 13:52:15 PDT 2015 - show_me_the_money.sh executed
article finder executed at Fri Mar 27 13:52:15 PDT 2015
Fri Mar 27 13:55:13 PDT 2015 - show_me_the_money.sh executed
article finder executed at Fri Mar 27 13:55:13 PDT 2015
Fri Mar 27 13:57:02 PDT 2015 - show_me_the_money.sh executed
article finder executed at Fri Mar 27 13:57:02 PDT 2015
article fetch executed at Fri Mar 27 13:58:02 PDT 2015
Fri Mar 27 13:58:12 PDT 2015 - show_me_the_money.sh executed
Fri Mar 27 13:58:12 PDT 2015 - stock program is running - 
Fri Mar 27 13:58:22 PDT 2015 - show_me_the_money.sh executed
Fri Mar 27 13:58:22 PDT 2015 - stock program is running - 
Fri Mar 27 13:58:32 PDT 2015 - show_me_the_money.sh executed
Fri Mar 27 13:58:32 PDT 2015 - stock program is running - 
Fri Mar 27 13:58:42 PDT 2015 - show_me_the_money.sh executed
Fri Mar 27 13:58:42 PDT 2015 - stock program is running - 
Fri Mar 27 13:58:52 PDT 2015 - show_me_the_money.sh executed
Fri Mar 27 13:58:52 PDT 2015 - stock program is running - 
Fri Mar 27 13:59:02 PDT 2015 - show_me_the_money.sh executed
Fri Mar 27 13:59:02 PDT 2015 - stock program is running - 
Fri Mar 27 13:59:12 PDT 2015 - show_me_the_money.sh executed
Fri Mar 27 13:59:12 PDT 2015 - stock program is running - 
Fri Mar 27 13:59:22 PDT 2015 - show_me_the_money.sh executed
Fri Mar 27 13:59:22 PDT 2015 - stock program is running - 
Fri Mar 27 13:59:32 PDT 2015 - show_me_the_money.sh executed
Fri Mar 27 13:59:32 PDT 2015 - stock program is running - 
Fri Mar 27 13:59:42 PDT 2015 - show_me_the_money.sh executed
Fri Mar 27 13:59:42 PDT 2015 - stock program is running - 
Fri Mar 27 13:59:52 PDT 2015 - show_me_the_money.sh executed
Fri Mar 27 13:59:52 PDT 2015 - stock program is running - 
Fri Mar 27 14:00:02 PDT 2015 - show_me_the_money.sh executed
Fri Mar 27 14:00:02 PDT 2015 - stock program is running - 
Fri Mar 27 14:00:12 PDT 2015 - show_me_the_money.sh executed
Fri Mar 27 14:00:12 PDT 2015 - stock program is running - 
Fri Mar 27 14:00:22 PDT 2015 - show_me_the_money.sh executed
Fri Mar 27 14:00:22 PDT 2015 - stock program is running - 
Fri Mar 27 14:00:32 PDT 2015 - show_me_the_money.sh executed
Fri Mar 27 14:00:32 PDT 2015 - stock program is running - 
Fri Mar 27 14:00:42 PDT 2015 - show_me_the_money.sh executed
Fri Mar 27 14:00:43 PDT 2015 - stock program is running - 
Fri Mar 27 14:00:53 PDT 2015 - show_me_the_money.sh executed
Fri Mar 27 14:00:53 PDT 2015 - stock program is running - 
Fri Mar 27 14:01:03 PDT 2015 - show_me_the_money.sh executed
Fri Mar 27 14:01:03 PDT 2015 - stock program is running - 
Fri Mar 27 14:01:13 PDT 2015 - show_me_the_money.sh executed
Fri Mar 27 14:01:13 PDT 2015 - stock program is running - 
Fri Mar 27 14:01:23 PDT 2015 - show_me_the_money.sh executed
Fri Mar 27 14:01:23 PDT 2015 - stock program is running - 
Fri Mar 27 14:01:33 PDT 2015 - show_me_the_money.sh executed
Fri Mar 27 14:01:33 PDT 2015 - stock program is running - 
Fri Mar 27 14:01:43 PDT 2015 - show_me_the_money.sh executed
Fri Mar 27 14:01:43 PDT 2015 - stock program is running - 
Fri Mar 27 14:01:53 PDT 2015 - show_me_the_money.sh executed
Fri Mar 27 14:01:53 PDT 2015 - stock program is running - 
Fri Mar 27 14:02:03 PDT 2015 - show_me_the_money.sh executed
Fri Mar 27 14:02:03 PDT 2015 - stock program is running - 
Fri Mar 27 14:02:13 PDT 2015 - show_me_the_money.sh executed
Fri Mar 27 14:02:13 PDT 2015 - stock program is running - 
Fri Mar 27 14:02:23 PDT 2015 - show_me_the_money.sh executed
Fri Mar 27 14:02:23 PDT 2015 - stock program is running - 
Fri Mar 27 14:02:33 PDT 2015 - show_me_the_money.sh executed
Fri Mar 27 14:02:33 PDT 2015 - stock program is running - 
Fri Mar 27 14:02:43 PDT 2015 - show_me_the_money.sh executed
Fri Mar 27 14:02:43 PDT 2015 - stock program is running - 
Fri Mar 27 14:02:53 PDT 2015 - show_me_the_money.sh executed
Fri Mar 27 14:02:53 PDT 2015 - stock program is running - 
